<?xml version="1.0" encoding="UTF-8"?>
<!-- Generated by org.testng.reporters.JUnitReportReporter -->
<testsuite hostname="DESKTOP-CRHJTDS" failures="0" tests="1" name="com.qalegend.testscript.LogTest" time="8.512" errors="0" timestamp="2023-05-15T11:14:17 IST" skipped="0">
  <testcase classname="com.qalegend.testscript.LogTest" name="logfun" time="8.512"/>
  <system-out/>
</testsuite> <!-- com.qalegend.testscript.LogTest -->
