<?xml version="1.0" encoding="UTF-8"?>
<!-- Generated by org.testng.reporters.JUnitReportReporter -->
<testsuite hostname="DESKTOP-CRHJTDS" failures="0" tests="2" name="com.qalegend.testscript.SignOutTest" time="20.203" errors="0" timestamp="2023-05-29T07:10:52 IST" skipped="0">
  <testcase classname="com.qalegend.testscript.SignOutTest" name="signOutTab" time="8.492"/>
  <system-out/>
  <testcase classname="com.qalegend.testscript.SignOutTest" name="signOutTab" time="11.711"/>
  <system-out/>
</testsuite> <!-- com.qalegend.testscript.SignOutTest -->
