<?xml version="1.0" encoding="UTF-8"?>
<!-- Generated by org.testng.reporters.JUnitReportReporter -->
<testsuite hostname="DESKTOP-CRHJTDS" failures="0" tests="1" name="com.qalegend.testscript.LogTest" time="4.603" errors="0" timestamp="2023-05-27T06:47:01 IST" skipped="0">
  <testcase classname="com.qalegend.testscript.LogTest" name="rememberMe" time="4.603"/>
  <system-out/>
</testsuite> <!-- com.qalegend.testscript.LogTest -->
