<?xml version="1.0" encoding="UTF-8"?>
<!-- Generated by org.testng.reporters.JUnitReportReporter -->
<testsuite hostname="DESKTOP-CRHJTDS" failures="0" tests="1" name="com.qalegend.testscript.LogTest" time="10.053" errors="0" timestamp="2023-05-29T11:18:26 IST" skipped="0">
  <testcase classname="com.qalegend.testscript.LogTest" name="inValidLogin" time="10.053"/>
  <system-out/>
</testsuite> <!-- com.qalegend.testscript.LogTest -->
