<?xml version="1.0" encoding="UTF-8"?>
<!-- Generated by org.testng.reporters.JUnitReportReporter -->
<testsuite hostname="DESKTOP-CRHJTDS" failures="0" tests="1" name="com.qalegend.testscript.UserTest" time="12.066" errors="0" timestamp="2023-05-16T16:02:41 IST" skipped="0">
  <testcase classname="com.qalegend.testscript.UserTest" name="userMethod" time="12.066"/>
  <system-out/>
</testsuite> <!-- com.qalegend.testscript.UserTest -->
