<?xml version="1.0" encoding="UTF-8"?>
<!-- Generated by org.testng.reporters.JUnitReportReporter -->
<testsuite hostname="DESKTOP-CRHJTDS" failures="0" tests="5" name="com.qalegend.testscript.SignOutTest" time="72.701" errors="0" timestamp="2023-05-27T09:43:08 IST" skipped="0">
  <testcase classname="com.qalegend.testscript.SignOutTest" name="editProfileDetails" time="23.482"/>
  <system-out/>
  <testcase classname="com.qalegend.testscript.SignOutTest" name="signOutButton" time="9.025"/>
  <system-out/>
  <testcase classname="com.qalegend.testscript.SignOutTest" name="signOutTab" time="13.201"/>
  <system-out/>
  <testcase classname="com.qalegend.testscript.SignOutTest" name="profileButton" time="11.932"/>
  <system-out/>
  <testcase classname="com.qalegend.testscript.SignOutTest" name="passwordChanging" time="15.061"/>
  <system-out/>
</testsuite> <!-- com.qalegend.testscript.SignOutTest -->
