<?xml version="1.0" encoding="UTF-8"?>
<!-- Generated by org.testng.reporters.JUnitReportReporter -->
<testsuite hostname="DESKTOP-CRHJTDS" failures="0" tests="3" name="com.qalegend.testscript.LoginTest" time="8.580" errors="0" timestamp="2023-05-18T08:16:48 IST" skipped="3">
  <testcase classname="com.qalegend.testscript.LoginTest" name="verifyLogin" time="3.171">
    <skipped/>
  </testcase> <!-- verifyLogin -->
  <system-out/>
  <testcase classname="com.qalegend.testscript.LoginTest" name="verifyLogin" time="3.149">
    <skipped/>
  </testcase> <!-- verifyLogin -->
  <system-out/>
  <testcase classname="com.qalegend.testscript.LoginTest" name="verifyLogin" time="2.260">
    <skipped/>
  </testcase> <!-- verifyLogin -->
  <system-out/>
</testsuite> <!-- com.qalegend.testscript.LoginTest -->
