<?xml version="1.0" encoding="UTF-8"?>
<!-- Generated by org.testng.reporters.JUnitReportReporter -->
<testsuite hostname="DESKTOP-CRHJTDS" failures="0" tests="1" name="com.qalegend.testscript.ProfitPageTest" time="9.572" errors="0" timestamp="2023-05-16T15:46:13 IST" skipped="0">
  <testcase classname="com.qalegend.testscript.ProfitPageTest" name="profitMethod" time="9.572"/>
  <system-out/>
</testsuite> <!-- com.qalegend.testscript.ProfitPageTest -->
