<?xml version="1.0" encoding="UTF-8"?>
<!-- Generated by org.testng.reporters.JUnitReportReporter -->
<testsuite hostname="DESKTOP-CRHJTDS" failures="0" tests="1" name="com.qalegend.testscript.AppTourTest" time="15.021" errors="0" timestamp="2023-05-26T22:25:23 IST" skipped="0">
  <testcase classname="com.qalegend.testscript.AppTourTest" name="appTourCheck" time="15.021"/>
  <system-out/>
</testsuite> <!-- com.qalegend.testscript.AppTourTest -->
