<?xml version="1.0" encoding="UTF-8"?>
<!-- Generated by org.testng.reporters.JUnitReportReporter -->
<testsuite hostname="DESKTOP-CRHJTDS" failures="0" tests="1" name="com.qalegend.testscript.UserManagmentTest" time="15.658" errors="0" timestamp="2023-05-29T10:07:37 IST" skipped="0">
  <testcase classname="com.qalegend.testscript.UserManagmentTest" name="showUserButton" time="15.658"/>
  <system-out/>
</testsuite> <!-- com.qalegend.testscript.UserManagmentTest -->
