<?xml version="1.0" encoding="UTF-8"?>
<!-- Generated by org.testng.reporters.JUnitReportReporter -->
<testsuite hostname="DESKTOP-CRHJTDS" failures="0" tests="1" name="com.qalegend.testscript.AddUserTest" time="16.795" errors="0" timestamp="2023-05-27T10:57:09 IST" skipped="0">
  <testcase classname="com.qalegend.testscript.AddUserTest" name="enterUserDetails" time="16.795"/>
  <system-out/>
</testsuite> <!-- com.qalegend.testscript.AddUserTest -->
