<?xml version="1.0" encoding="UTF-8"?>
<!-- Generated by org.testng.reporters.JUnitReportReporter -->
<testsuite hostname="DESKTOP-CRHJTDS" failures="0" tests="1" name="com.qalegend.testscript.ProfitPageTest" time="10.284" errors="0" timestamp="2023-05-26T22:41:34 IST" skipped="0">
  <testcase classname="com.qalegend.testscript.ProfitPageTest" name="profitCloseSign" time="10.284"/>
  <system-out/>
</testsuite> <!-- com.qalegend.testscript.ProfitPageTest -->
