<?xml version="1.0" encoding="UTF-8"?>
<!-- Generated by org.testng.reporters.JUnitReportReporter -->
<testsuite hostname="DESKTOP-CRHJTDS" failures="0" tests="1" name="com.qalegend.testscript.HomeTest" time="9.920" errors="0" timestamp="2023-05-30T07:41:19 IST" skipped="0">
  <testcase classname="com.qalegend.testscript.HomeTest" name="closeAlertMessage" time="9.920"/>
  <system-out/>
</testsuite> <!-- com.qalegend.testscript.HomeTest -->
