<?xml version="1.0" encoding="UTF-8"?>
<!-- Generated by org.testng.reporters.JUnitReportReporter -->
<testsuite hostname="DESKTOP-CRHJTDS" failures="0" tests="2" name="com.qalegend.testscript.HomeTest" time="20.879" errors="0" timestamp="2023-05-16T07:44:19 IST" skipped="0">
  <testcase classname="com.qalegend.testscript.HomeTest" name="calculatorClick" time="11.545"/>
  <system-out/>
  <testcase classname="com.qalegend.testscript.HomeTest" name="homeCheck" time="9.334"/>
  <system-out/>
</testsuite> <!-- com.qalegend.testscript.HomeTest -->
