<?xml version="1.0" encoding="UTF-8"?>
<!-- Generated by org.testng.reporters.JUnitReportReporter -->
<testsuite hostname="DESKTOP-CRHJTDS" failures="0" tests="1" name="com.qalegend.testscript.AppTourTest" time="9.276" errors="0" timestamp="2023-05-29T11:03:28 IST" skipped="0">
  <testcase classname="com.qalegend.testscript.AppTourTest" name="appTourCheck" time="9.276"/>
  <system-out/>
</testsuite> <!-- com.qalegend.testscript.AppTourTest -->
