<?xml version="1.0" encoding="UTF-8"?>
<!-- Generated by org.testng.reporters.JUnitReportReporter -->
<testsuite hostname="DESKTOP-CRHJTDS" failures="0" tests="1" name="com.qalegend.testscript.UserTest" time="9.599" errors="0" timestamp="2023-05-18T11:07:17 IST" skipped="0">
  <testcase classname="com.qalegend.testscript.UserTest" name="userMethod" time="9.599"/>
  <system-out/>
</testsuite> <!-- com.qalegend.testscript.UserTest -->
