<?xml version="1.0" encoding="UTF-8"?>
<!-- Generated by org.testng.reporters.JUnitReportReporter -->
<testsuite hostname="DESKTOP-CRHJTDS" failures="0" tests="2" name="com.qalegend.testscript.LoginTest" time="33.773" errors="0" timestamp="2023-05-16T07:25:36 IST" skipped="0">
  <testcase classname="com.qalegend.testscript.LoginTest" name="verifyLogin" time="25.953"/>
  <system-out/>
  <testcase classname="com.qalegend.testscript.LoginTest" name="rememberMe" time="7.820"/>
  <system-out/>
</testsuite> <!-- com.qalegend.testscript.LoginTest -->
