<?xml version="1.0" encoding="UTF-8"?>
<!-- Generated by org.testng.reporters.JUnitReportReporter -->
<testsuite hostname="DESKTOP-CRHJTDS" failures="0" tests="1" name="com.qalegend.testscript.AddUserTest" time="20.172" errors="0" timestamp="2023-05-29T10:37:30 IST" skipped="0">
  <testcase classname="com.qalegend.testscript.AddUserTest" name="enterUserDetails" time="20.172"/>
  <system-out/>
</testsuite> <!-- com.qalegend.testscript.AddUserTest -->
