<?xml version="1.0" encoding="UTF-8"?>
<!-- Generated by org.testng.reporters.JUnitReportReporter -->
<testsuite hostname="DESKTOP-CRHJTDS" failures="0" tests="1" name="test.LoginTest" time="5.531" errors="0" timestamp="2023-04-13T07:41:58 IST" skipped="0">
  <testcase classname="test.LoginTest" name="login" time="5.531"/>
  <system-out/>
</testsuite> <!-- test.LoginTest -->
